===== 2026-02-22T08:31:43Z =====
OpenClaw update status

┌──────────┬──────────────────────────────────────────────────────────────────────────────────────────────────────────┐
│ Item     │ Value                                                                                                    │
├──────────┼──────────────────────────────────────────────────────────────────────────────────────────────────────────┤
│ Install  │ pnpm                                                                                                     │
│ Channel  │ stable (default)                                                                                         │
│ Update   │ pnpm · npm latest 2026.2.21-2                                                                            │
└──────────┴──────────────────────────────────────────────────────────────────────────────────────────────────────────┘

===== 2026-02-22T08:32:43Z =====
Summary: install=pnpm; channel=stable (default); latest=pnpm · npm latest 2026.2.21-2
OpenClaw update status

┌──────────┬──────────────────────────────────────────────────────────────────────────────────────────────────────────┐
│ Item     │ Value                                                                                                    │
├──────────┼──────────────────────────────────────────────────────────────────────────────────────────────────────────┤
│ Install  │ pnpm                                                                                                     │
│ Channel  │ stable (default)                                                                                         │
│ Update   │ pnpm · npm latest 2026.2.21-2                                                                            │
└──────────┴──────────────────────────────────────────────────────────────────────────────────────────────────────────┘

===== 2026-02-23T04:00:24Z =====
Summary: install=pnpm; channel=stable (default); latest=pnpm · npm latest 2026.2.21-2
OpenClaw update status

┌──────────┬──────────────────────────────────────────────────────────────────────────────────────────────────────────┐
│ Item     │ Value                                                                                                    │
├──────────┼──────────────────────────────────────────────────────────────────────────────────────────────────────────┤
│ Install  │ pnpm                                                                                                     │
│ Channel  │ stable (default)                                                                                         │
│ Update   │ pnpm · npm latest 2026.2.21-2                                                                            │
└──────────┴──────────────────────────────────────────────────────────────────────────────────────────────────────────┘

===== 2026-02-24T04:00:17Z =====
Summary: install=pnpm; channel=stable (default); latest=pnpm · npm latest 2026.2.21-2
OpenClaw update status

┌──────────┬──────────────────────────────────────────────────────────────────────────────────────────────────────────┐
│ Item     │ Value                                                                                                    │
├──────────┼──────────────────────────────────────────────────────────────────────────────────────────────────────────┤
│ Install  │ pnpm                                                                                                     │
│ Channel  │ stable (default)                                                                                         │
│ Update   │ pnpm · npm latest 2026.2.22-2                                                                            │
└──────────┴──────────────────────────────────────────────────────────────────────────────────────────────────────────┘

===== 2026-02-25T04:00:18Z =====
Summary: install=pnpm; channel=stable (default); latest=pnpm · npm latest 2026.2.22-2
OpenClaw update status

┌──────────┬──────────────────────────────────────────────────────────────────────────────────────────────────────────┐
│ Item     │ Value                                                                                                    │
├──────────┼──────────────────────────────────────────────────────────────────────────────────────────────────────────┤
│ Install  │ pnpm                                                                                                     │
│ Channel  │ stable (default)                                                                                         │
│ Update   │ available · pnpm · npm update 2026.2.24                                                                  │
└──────────┴──────────────────────────────────────────────────────────────────────────────────────────────────────────┘

Update available (npm 2026.2.24). Run: openclaw update

===== 2026-02-26T04:00:33Z =====
Summary: install=pnpm; channel=stable (default); latest=available · pnpm · npm update 2026.2.24; status=update available
OpenClaw update status

┌──────────┬──────────────────────────────────────────────────────────────────────────────────────────────────────────┐
│ Item     │ Value                                                                                                    │
├──────────┼──────────────────────────────────────────────────────────────────────────────────────────────────────────┤
│ Install  │ pnpm                                                                                                     │
│ Channel  │ stable (default)                                                                                         │
│ Update   │ pnpm · npm latest 2026.2.24                                                                              │
└──────────┴──────────────────────────────────────────────────────────────────────────────────────────────────────────┘

===== 2026-02-27T04:00:28Z =====
Summary: install=pnpm; channel=stable (default); latest=pnpm · npm latest 2026.2.24
OpenClaw update status

┌──────────┬──────────────────────────────────────────────────────────────────────────────────────────────────────────┐
│ Item     │ Value                                                                                                    │
├──────────┼──────────────────────────────────────────────────────────────────────────────────────────────────────────┤
│ Install  │ pnpm                                                                                                     │
│ Channel  │ stable (default)                                                                                         │
│ Update   │ pnpm · npm latest 2026.2.26                                                                              │
└──────────┴──────────────────────────────────────────────────────────────────────────────────────────────────────────┘

===== 2026-02-28T04:00:16Z =====
Summary: install=pnpm; channel=stable (default); latest=pnpm · npm latest 2026.2.26
OpenClaw update status

┌──────────┬──────────────────────────────────────────────────────────────────────────────────────────────────────────┐
│ Item     │ Value                                                                                                    │
├──────────┼──────────────────────────────────────────────────────────────────────────────────────────────────────────┤
│ Install  │ pnpm                                                                                                     │
│ Channel  │ stable (default)                                                                                         │
│ Update   │ pnpm · npm latest 2026.2.26                                                                              │
└──────────┴──────────────────────────────────────────────────────────────────────────────────────────────────────────┘

===== 2026-03-01T04:00:00Z =====
Summary: install=pnpm; channel=stable (default); latest=pnpm · npm latest 2026.2.26
OpenClaw update status

┌──────────┬──────────────────────────────────────────────────────────────────────────────────────────────────────────┐
│ Item     │ Value                                                                                                    │
├──────────┼──────────────────────────────────────────────────────────────────────────────────────────────────────────┤
│ Install  │ pnpm                                                                                                     │
│ Channel  │ stable (default)                                                                                         │
│ Update   │ pnpm · npm latest 2026.2.26                                                                              │
└──────────┴──────────────────────────────────────────────────────────────────────────────────────────────────────────┘

===== 2026-03-02T04:00:00Z =====
Summary: install=pnpm; channel=stable (default); latest=pnpm · npm latest 2026.2.26
OpenClaw update status

┌──────────┬──────────────────────────────────────────────────────────────────────────────────────────────────────────┐
│ Item     │ Value                                                                                                    │
├──────────┼──────────────────────────────────────────────────────────────────────────────────────────────────────────┤
│ Install  │ pnpm                                                                                                     │
│ Channel  │ stable (default)                                                                                         │
│ Update   │ pnpm · npm latest 2026.2.26                                                                              │
└──────────┴──────────────────────────────────────────────────────────────────────────────────────────────────────────┘


===== 2026-03-03T04:00:24Z =====
Summary: install=pnpm; channel=stable (default); latest=pnpm · npm latest 2026.2.26
OpenClaw update status

┌──────────┬──────────────────────────────────────────────────────────────────────────────────────────────────────────┐
│ Item     │ Value                                                                                                    │
├──────────┼──────────────────────────────────────────────────────────────────────────────────────────────────────────┤
│ Install  │ pnpm                                                                                                     │
│ Channel  │ stable (default)                                                                                         │
│ Update   │ available · pnpm · npm update 2026.3.1                                                                   │
└──────────┴──────────────────────────────────────────────────────────────────────────────────────────────────────────┘

Update available (npm 2026.3.1). Run: openclaw update
===== 2026-03-04T04:00:27Z =====
│
◇  Doctor warnings ────────────────────────────────────────────────────────╮
│                                                                          │
│  - channels.telegram.groupPolicy is "allowlist" but groupAllowFrom (and  │
│    allowFrom) is empty — all group messages will be silently dropped.    │
│    Add sender IDs to channels.telegram.groupAllowFrom or                 │
│    channels.telegram.allowFrom, or set groupPolicy to "open".            │
│                                                                          │
├──────────────────────────────────────────────────────────────────────────╯
Summary: install=pnpm; channel=stable (default); latest=available · pnpm · npm update 2026.3.1; status=update available
OpenClaw update status

┌──────────┬──────────────────────────────────────────────────────────────────────────────────────────────────────────┐
│ Item     │ Value                                                                                                    │
├──────────┼──────────────────────────────────────────────────────────────────────────────────────────────────────────┤
│ Install  │ pnpm                                                                                                     │
│ Channel  │ stable (default)                                                                                         │
│ Update   │ pnpm · npm latest 2026.3.2                                                                               │
└──────────┴──────────────────────────────────────────────────────────────────────────────────────────────────────────┘

===== 2026-03-05T04:00:17Z =====
│
◇  Doctor warnings ────────────────────────────────────────────────────────╮
│                                                                          │
│  - channels.telegram.groupPolicy is "allowlist" but groupAllowFrom (and  │
│    allowFrom) is empty — all group messages will be silently dropped.    │
│    Add sender IDs to channels.telegram.groupAllowFrom or                 │
│    channels.telegram.allowFrom, or set groupPolicy to "open".            │
│                                                                          │
├──────────────────────────────────────────────────────────────────────────╯
Summary: install=pnpm; channel=stable (default); latest=pnpm · npm latest 2026.3.2
OpenClaw update status

┌──────────┬──────────────────────────────────────────────────────────────────────────────────────────────────────────┐
│ Item     │ Value                                                                                                    │
├──────────┼──────────────────────────────────────────────────────────────────────────────────────────────────────────┤
│ Install  │ pnpm                                                                                                     │
│ Channel  │ stable (default)                                                                                         │
│ Update   │ pnpm · npm latest 2026.3.2                                                                               │
└──────────┴──────────────────────────────────────────────────────────────────────────────────────────────────────────┘

===== 2026-03-06T04:00:30Z =====
│
◇  Doctor warnings ────────────────────────────────────────────────────────╮
│                                                                          │
│  - channels.telegram.groupPolicy is "allowlist" but groupAllowFrom (and  │
│    allowFrom) is empty — all group messages will be silently dropped.    │
│    Add sender IDs to channels.telegram.groupAllowFrom or                 │
│    channels.telegram.allowFrom, or set groupPolicy to "open".            │
│                                                                          │
├──────────────────────────────────────────────────────────────────────────╯
Summary: install=pnpm; channel=stable (default); latest=pnpm · npm latest 2026.3.2
OpenClaw update status

┌──────────┬──────────────────────────────────────────────────────────────────────────────────────────────────────────┐
│ Item     │ Value                                                                                                    │
├──────────┼──────────────────────────────────────────────────────────────────────────────────────────────────────────┤
│ Install  │ pnpm                                                                                                     │
│ Channel  │ stable (default)                                                                                         │
│ Update   │ pnpm · npm latest 2026.3.2                                                                               │
└──────────┴──────────────────────────────────────────────────────────────────────────────────────────────────────────┘

===== 2026-03-07T04:00:48Z =====
│
◇  Doctor warnings ────────────────────────────────────────────────────────╮
│                                                                          │
│  - channels.telegram.groupPolicy is "allowlist" but groupAllowFrom (and  │
│    allowFrom) is empty — all group messages will be silently dropped.    │
│    Add sender IDs to channels.telegram.groupAllowFrom or                 │
│    channels.telegram.allowFrom, or set groupPolicy to "open".            │
│                                                                          │
├──────────────────────────────────────────────────────────────────────────╯
Summary: install=pnpm; channel=stable (default); latest=pnpm · npm latest 2026.3.2
OpenClaw update status

┌──────────┬──────────────────────────────────────────────────────────────────────────────────────────────────────────┐
│ Item     │ Value                                                                                                    │
├──────────┼──────────────────────────────────────────────────────────────────────────────────────────────────────────┤
│ Install  │ pnpm                                                                                                     │
│ Channel  │ stable (default)                                                                                         │
│ Update   │ pnpm · npm latest 2026.3.2                                                                               │
└──────────┴──────────────────────────────────────────────────────────────────────────────────────────────────────────┘

===== 2026-03-08T04:01:15Z =====
│
◇  Doctor warnings ────────────────────────────────────────────────────────╮
│                                                                          │
│  - channels.telegram.groupPolicy is "allowlist" but groupAllowFrom (and  │
│    allowFrom) is empty — all group messages will be silently dropped.    │
│    Add sender IDs to channels.telegram.groupAllowFrom or                 │
│    channels.telegram.allowFrom, or set groupPolicy to "open".            │
│                                                                          │
├──────────────────────────────────────────────────────────────────────────╯
Summary: install=pnpm; channel=stable (default); latest=pnpm · npm latest 2026.3.2
OpenClaw update status

┌──────────┬──────────────────────────────────────────────────────────────────────────────────────────────────────────┐
│ Item     │ Value                                                                                                    │
├──────────┼──────────────────────────────────────────────────────────────────────────────────────────────────────────┤
│ Install  │ pnpm                                                                                                     │
│ Channel  │ stable (default)                                                                                         │
│ Update   │ pnpm · npm latest 2026.3.2                                                                               │
└──────────┴──────────────────────────────────────────────────────────────────────────────────────────────────────────┘
│ Install  │ pnpm                                                                                                     │ | channel=unknown | latest=unknown
===== 2026-03-08T04:01:43Z =====
│
◇  Doctor warnings ────────────────────────────────────────────────────────╮
│                                                                          │
│  - channels.telegram.groupPolicy is "allowlist" but groupAllowFrom (and  │
│    allowFrom) is empty — all group messages will be silently dropped.    │
│    Add sender IDs to channels.telegram.groupAllowFrom or                 │
│    channels.telegram.allowFrom, or set groupPolicy to "open".            │
│                                                                          │
├──────────────────────────────────────────────────────────────────────────╯
Summary: install=pnpm; channel=stable (default); latest=pnpm · npm latest 2026.3.2
OpenClaw update status

┌──────────┬──────────────────────────────────────────────────────────────────────────────────────────────────────────┐
│ Item     │ Value                                                                                                    │
├──────────┼──────────────────────────────────────────────────────────────────────────────────────────────────────────┤
│ Install  │ pnpm                                                                                                     │
│ Channel  │ stable (default)                                                                                         │
│ Update   │ pnpm · npm latest 2026.3.2                                                                               │
└──────────┴──────────────────────────────────────────────────────────────────────────────────────────────────────────┘
install=pnpm; channel=stable (default); latest=pnpm · npm latest 2026.3.2
===== 2026-03-09T04:00:28Z =====
│
◇  Doctor warnings ────────────────────────────────────────────────────────╮
│                                                                          │
│  - channels.telegram.groupPolicy is "allowlist" but groupAllowFrom (and  │
│    allowFrom) is empty — all group messages will be silently dropped.    │
│    Add sender IDs to channels.telegram.groupAllowFrom or                 │
│    channels.telegram.allowFrom, or set groupPolicy to "open".            │
│                                                                          │
├──────────────────────────────────────────────────────────────────────────╯
Summary: install=pnpm; channel=stable (default); latest=pnpm · npm latest 2026.3.2
OpenClaw update status

┌──────────┬──────────────────────────────────────────────────────────────────────────────────────────────────────────┐
│ Item     │ Value                                                                                                    │
├──────────┼──────────────────────────────────────────────────────────────────────────────────────────────────────────┤
│ Install  │ pnpm                                                                                                     │
│ Channel  │ stable (default)                                                                                         │
│ Update   │ pnpm · npm latest 2026.3.7                                                                               │
└──────────┴──────────────────────────────────────────────────────────────────────────────────────────────────────────┘

===== 2026-03-10T04:00:18Z =====
│
◇  Doctor warnings ────────────────────────────────────────────────────────╮
│                                                                          │
│  - channels.telegram.groupPolicy is "allowlist" but groupAllowFrom (and  │
│    allowFrom) is empty — all group messages will be silently dropped.    │
│    Add sender IDs to channels.telegram.groupAllowFrom or                 │
│    channels.telegram.allowFrom, or set groupPolicy to "open".            │
│                                                                          │
├──────────────────────────────────────────────────────────────────────────╯
Summary: install=pnpm; channel=stable (default); latest=pnpm · npm latest 2026.3.7
OpenClaw update status

┌──────────┬──────────────────────────────────────────────────────────────────────────────────────────────────────────┐
│ Item     │ Value                                                                                                    │
├──────────┼──────────────────────────────────────────────────────────────────────────────────────────────────────────┤
│ Install  │ pnpm                                                                                                     │
│ Channel  │ stable (default)                                                                                         │
│ Update   │ pnpm · npm latest 2026.3.8                                                                               │
└──────────┴──────────────────────────────────────────────────────────────────────────────────────────────────────────┘

===== 2026-03-10T04:00:46Z =====
│
◇  Doctor warnings ────────────────────────────────────────────────────────╮
│                                                                          │
│  - channels.telegram.groupPolicy is "allowlist" but groupAllowFrom (and  │
│    allowFrom) is empty — all group messages will be silently dropped.    │
│    Add sender IDs to channels.telegram.groupAllowFrom or                 │
│    channels.telegram.allowFrom, or set groupPolicy to "open".            │
│                                                                          │
├──────────────────────────────────────────────────────────────────────────╯
Summary: install=pnpm; channel=stable (default); latest=pnpm · npm latest 2026.3.8
OpenClaw update status

┌──────────┬──────────────────────────────────────────────────────────────────────────────────────────────────────────┐
│ Item     │ Value                                                                                                    │
├──────────┼──────────────────────────────────────────────────────────────────────────────────────────────────────────┤
│ Install  │ pnpm                                                                                                     │
│ Channel  │ stable (default)                                                                                         │
│ Update   │ pnpm · npm latest 2026.3.8                                                                               │
└──────────┴──────────────────────────────────────────────────────────────────────────────────────────────────────────┘

===== 2026-03-11T04:00:19Z =====
Summary: install=pnpm; channel=stable (default); latest=pnpm · npm latest 2026.3.8
OpenClaw update status

┌──────────┬──────────────────────────────────────────────────────────────────────────────────────────────────────────┐
│ Item     │ Value                                                                                                    │
├──────────┼──────────────────────────────────────────────────────────────────────────────────────────────────────────┤
│ Install  │ pnpm                                                                                                     │
│ Channel  │ stable (default)                                                                                         │
│ Update   │ pnpm · npm latest 2026.3.8                                                                               │
└──────────┴──────────────────────────────────────────────────────────────────────────────────────────────────────────┘

===== 2026-03-12T04:00:18Z =====
Summary: install=pnpm; channel=stable (default); latest=pnpm · npm latest 2026.3.8
OpenClaw update status

┌──────────┬──────────────────────────────────────────────────────────────────────────────────────────────────────────┐
│ Item     │ Value                                                                                                    │
├──────────┼──────────────────────────────────────────────────────────────────────────────────────────────────────────┤
│ Install  │ pnpm                                                                                                     │
│ Channel  │ stable (default)                                                                                         │
│ Update   │ pnpm · npm latest 2026.3.8                                                                               │
└──────────┴──────────────────────────────────────────────────────────────────────────────────────────────────────────┘

===== 2026-03-12T04:00:42Z =====
Summary: install=pnpm; channel=stable (default); latest=pnpm · npm latest 2026.3.8
OpenClaw update status

┌──────────┬──────────────────────────────────────────────────────────────────────────────────────────────────────────┐
│ Item     │ Value                                                                                                    │
├──────────┼──────────────────────────────────────────────────────────────────────────────────────────────────────────┤
│ Install  │ pnpm                                                                                                     │
│ Channel  │ stable (default)                                                                                         │
│ Update   │ pnpm · npm latest 2026.3.8                                                                               │
└──────────┴──────────────────────────────────────────────────────────────────────────────────────────────────────────┘

===== 2026-03-13T04:00:00Z =====
Summary: install=pnpm; channel=stable (default); latest=pnpm · npm latest 2026.3.8
OpenClaw update status

┌──────────┬───────────────────────────────────────────────────────────────────────────────────────────────────────────┐
│ Item     │ Value                                                                                                     │
├──────────┼───────────────────────────────────────────────────────────────────────────────────────────────────────────┤
│ Install  │ pnpm                                                                                                      │
│ Channel  │ stable (default)                                                                                          │
│ Update   │ pnpm · npm latest 2026.3.11                                                                               │
└──────────┴───────────────────────────────────────────────────────────────────────────────────────────────────────────┘

===== 2026-03-14T04:00:15Z =====
Summary: install=pnpm; channel=stable (default); latest=pnpm · npm latest 2026.3.11
OpenClaw update status

┌──────────┬───────────────────────────────────────────────────────────────────────────────────────────────────────────┐
│ Item     │ Value                                                                                                     │
├──────────┼───────────────────────────────────────────────────────────────────────────────────────────────────────────┤
│ Install  │ pnpm                                                                                                      │
│ Channel  │ stable (default)                                                                                          │
│ Update   │ pnpm · npm latest 2026.3.12                                                                               │
└──────────┴───────────────────────────────────────────────────────────────────────────────────────────────────────────┘

===== 2026-03-15T04:01:52Z =====
Summary: install=pnpm; channel=stable (default); latest=pnpm · npm latest 2026.3.12
OpenClaw update status

┌──────────┬───────────────────────────────────────────────────────────────────────────────────────────────────────────┐
│ Item     │ Value                                                                                                     │
├──────────┼───────────────────────────────────────────────────────────────────────────────────────────────────────────┤
│ Install  │ pnpm                                                                                                      │
│ Channel  │ stable (default)                                                                                          │
│ Update   │ available · pnpm · npm update 2026.3.13                                                                   │
└──────────┴───────────────────────────────────────────────────────────────────────────────────────────────────────────┘

Update available (npm 2026.3.13). Run: openclaw update

===== 2026-03-16T04:00:15Z =====
Summary: install=pnpm; channel=stable (default); latest=available · pnpm · npm update 2026.3.13; status=update available
OpenClaw update status

┌──────────┬───────────────────────────────────────────────────────────────────────────────────────────────────────────┐
│ Item     │ Value                                                                                                     │
├──────────┼───────────────────────────────────────────────────────────────────────────────────────────────────────────┤
│ Install  │ pnpm                                                                                                      │
│ Channel  │ stable (default)                                                                                          │
│ Update   │ available · pnpm · npm update 2026.3.13                                                                   │
└──────────┴───────────────────────────────────────────────────────────────────────────────────────────────────────────┘

Update available (npm 2026.3.13). Run: openclaw update

===== 2026-03-16T04:00:51Z =====
Summary: install=pnpm; channel=stable (default); latest=available · pnpm · npm update 2026.3.13; status=update available
OpenClaw update status

┌──────────┬───────────────────────────────────────────────────────────────────────────────────────────────────────────┐
│ Item     │ Value                                                                                                     │
├──────────┼───────────────────────────────────────────────────────────────────────────────────────────────────────────┤
│ Install  │ pnpm                                                                                                      │
│ Channel  │ stable (default)                                                                                          │
│ Update   │ available · pnpm · npm update 2026.3.13                                                                   │
└──────────┴───────────────────────────────────────────────────────────────────────────────────────────────────────────┘

Update available (npm 2026.3.13). Run: openclaw update

===== 2026-03-17T04:00:52Z =====
Summary: install=pnpm; channel=stable (default); latest=available · pnpm · npm update 2026.3.13; status=update available
OpenClaw update status

┌──────────┬───────────────────────────────────────────────────────────────────────────────────────────────────────────┐
│ Item     │ Value                                                                                                     │
├──────────┼───────────────────────────────────────────────────────────────────────────────────────────────────────────┤
│ Install  │ pnpm                                                                                                      │
│ Channel  │ stable (default)                                                                                          │
│ Update   │ available · pnpm · npm update 2026.3.13                                                                   │
└──────────┴───────────────────────────────────────────────────────────────────────────────────────────────────────────┘

Update available (npm 2026.3.13). Run: openclaw update

===== 2026-03-18T04:00:25Z =====
Summary: install=pnpm; channel=stable (default); latest=available · pnpm · npm update 2026.3.13; status=update available
OpenClaw update status

┌──────────┬───────────────────────────────────────────────────────────────────────────────────────────────────────────┐
│ Item     │ Value                                                                                                     │
├──────────┼───────────────────────────────────────────────────────────────────────────────────────────────────────────┤
│ Install  │ pnpm                                                                                                      │
│ Channel  │ stable (default)                                                                                          │
│ Update   │ pnpm · npm latest 2026.3.13                                                                               │
└──────────┴───────────────────────────────────────────────────────────────────────────────────────────────────────────┘

===== 2026-03-19T04:00:22Z =====
Summary: install=pnpm; channel=stable (default); latest=pnpm · npm latest 2026.3.13
OpenClaw update status

┌──────────┬───────────────────────────────────────────────────────────────────────────────────────────────────────────┐
│ Item     │ Value                                                                                                     │
├──────────┼───────────────────────────────────────────────────────────────────────────────────────────────────────────┤
│ Install  │ pnpm                                                                                                      │
│ Channel  │ stable (default)                                                                                          │
│ Update   │ pnpm · npm latest 2026.3.13                                                                               │
└──────────┴───────────────────────────────────────────────────────────────────────────────────────────────────────────┘

===== 2026-03-20T04:00:31Z =====
Summary: install=pnpm; channel=stable (default); latest=pnpm · npm latest 2026.3.13
OpenClaw update status

┌──────────┬───────────────────────────────────────────────────────────────────────────────────────────────────────────┐
│ Item     │ Value                                                                                                     │
├──────────┼───────────────────────────────────────────────────────────────────────────────────────────────────────────┤
│ Install  │ pnpm                                                                                                      │
│ Channel  │ stable (default)                                                                                          │
│ Update   │ pnpm · npm latest 2026.3.13                                                                               │
└──────────┴───────────────────────────────────────────────────────────────────────────────────────────────────────────┘

===== 2026-03-21T04:00:00Z =====
Summary: install=pnpm; channel=stable (default); latest=pnpm · npm latest 2026.3.13
OpenClaw update status

┌──────────┬───────────────────────────────────────────────────────────────────────────────────────────────────────────┐
│ Item     │ Value                                                                                                     │
├──────────┼───────────────────────────────────────────────────────────────────────────────────────────────────────────┤
│ Install  │ pnpm                                                                                                      │
│ Channel  │ stable (default)                                                                                          │
│ Update   │ pnpm · npm latest 2026.3.13                                                                               │
└──────────┴───────────────────────────────────────────────────────────────────────────────────────────────────────────┘

===== 2026-03-22T04:01:00Z =====
Summary: install=pnpm; channel=stable (default); latest=pnpm · npm latest 2026.3.13
OpenClaw update status

┌──────────┬───────────────────────────────────────────────────────────────────────────────────────────────────────────┐
│ Item     │ Value                                                                                                     │
├──────────┼───────────────────────────────────────────────────────────────────────────────────────────────────────────┤
│ Install  │ pnpm                                                                                                      │
│ Channel  │ stable (default)                                                                                          │
│ Update   │ pnpm · npm latest 2026.3.13                                                                               │
└──────────┴───────────────────────────────────────────────────────────────────────────────────────────────────────────┘

===== 2026-03-23T04:00:14Z =====
Summary: install=pnpm; channel=stable (default); latest=pnpm · npm latest 2026.3.13
OpenClaw update status

┌──────────┬───────────────────────────────────────────────────────────────────────────────────────────────────────────┐
│ Item     │ Value                                                                                                     │
├──────────┼───────────────────────────────────────────────────────────────────────────────────────────────────────────┤
│ Install  │ pnpm                                                                                                      │
│ Channel  │ stable (default)                                                                                          │
│ Update   │ pnpm · npm latest 2026.3.13                                                                               │
└──────────┴───────────────────────────────────────────────────────────────────────────────────────────────────────────┘

===== 2026-03-24T04:00:46Z =====
Summary: install=pnpm; channel=stable (default); latest=pnpm · npm latest 2026.3.13
OpenClaw update status

┌──────────┬───────────────────────────────────────────────────────────────────────────────────────────────────────────┐
│ Item     │ Value                                                                                                     │
├──────────┼───────────────────────────────────────────────────────────────────────────────────────────────────────────┤
│ Install  │ pnpm                                                                                                      │
│ Channel  │ stable (default)                                                                                          │
│ Update   │ available · pnpm · npm update 2026.3.23-2                                                                 │
└──────────┴───────────────────────────────────────────────────────────────────────────────────────────────────────────┘

Update available (npm 2026.3.23-2). Run: openclaw update

===== 2026-03-25T04:00:22Z =====
Summary: install=pnpm; channel=stable (default); latest=available · pnpm · npm update 2026.3.23-2; status=update available
OpenClaw update status

┌──────────┬───────────────────────────────────────────────────────────────────────────────────────────────────────────┐
│ Item     │ Value                                                                                                     │
├──────────┼───────────────────────────────────────────────────────────────────────────────────────────────────────────┤
│ Install  │ pnpm                                                                                                      │
│ Channel  │ stable (default)                                                                                          │
│ Update   │ available · pnpm · npm update 2026.3.23-2                                                                 │
└──────────┴───────────────────────────────────────────────────────────────────────────────────────────────────────────┘

Update available (npm 2026.3.23-2). Run: openclaw update

install=│ Install  │ pnpm                                                                                                      │; channel=│ Channel  │ stable (default)                                                                                          │; latest=Update available (npm 2026.3.23-2). Run: openclaw update
===== 2026-03-26T04:00:46Z =====
Summary: install=pnpm; channel=stable (default); latest=available · pnpm · npm update 2026.3.23-2; status=update available
OpenClaw update status

┌──────────┬───────────────────────────────────────────────────────────────────────────────────────────────────────────┐
│ Item     │ Value                                                                                                     │
├──────────┼───────────────────────────────────────────────────────────────────────────────────────────────────────────┤
│ Install  │ pnpm                                                                                                      │
│ Channel  │ stable (default)                                                                                          │
│ Update   │ available · pnpm · npm update 2026.3.24                                                                   │
└──────────┴───────────────────────────────────────────────────────────────────────────────────────────────────────────┘

Update available (npm 2026.3.24). Run: openclaw update

===== 2026-03-27T04:00:46Z =====
Summary: install=pnpm; channel=stable (default); latest=available · pnpm · npm update 2026.3.24; status=update available
OpenClaw update status

┌──────────┬───────────────────────────────────────────────────────────────────────────────────────────────────────────┐
│ Item     │ Value                                                                                                     │
├──────────┼───────────────────────────────────────────────────────────────────────────────────────────────────────────┤
│ Install  │ pnpm                                                                                                      │
│ Channel  │ stable (default)                                                                                          │
│ Update   │ available · pnpm · npm update 2026.3.24                                                                   │
└──────────┴───────────────────────────────────────────────────────────────────────────────────────────────────────────┘

Update available (npm 2026.3.24). Run: openclaw update

===== 2026-03-28T04:00:43Z =====
Summary: install=pnpm; channel=stable (default); latest=available · pnpm · npm update 2026.3.24; status=update available
OpenClaw update status

┌──────────┬───────────────────────────────────────────────────────────────────────────────────────────────────────────┐
│ Item     │ Value                                                                                                     │
├──────────┼───────────────────────────────────────────────────────────────────────────────────────────────────────────┤
│ Install  │ pnpm                                                                                                      │
│ Channel  │ stable (default)                                                                                          │
│ Update   │ available · pnpm · npm update 2026.3.24                                                                   │
└──────────┴───────────────────────────────────────────────────────────────────────────────────────────────────────────┘

Update available (npm 2026.3.24). Run: openclaw update

===== 2026-03-29T04:01:16Z =====
Summary: install=pnpm; channel=stable (default); latest=available · pnpm · npm update 2026.3.24; status=update available
OpenClaw update status

┌──────────┬───────────────────────────────────────────────────────────────────────────────────────────────────────────┐
│ Item     │ Value                                                                                                     │
├──────────┼───────────────────────────────────────────────────────────────────────────────────────────────────────────┤
│ Install  │ pnpm                                                                                                      │
│ Channel  │ stable (default)                                                                                          │
│ Update   │ available · pnpm · npm update 2026.3.28                                                                   │
└──────────┴───────────────────────────────────────────────────────────────────────────────────────────────────────────┘

Update available (npm 2026.3.28). Run: openclaw update
===== 2026-03-30T04:00:46Z =====
Summary: install=pnpm; channel=stable (default); latest=available · pnpm · npm update 2026.3.28; status=update available
OpenClaw update status

┌──────────┬───────────────────────────────────────────────────────────────────────────────────────────────────────────┐
│ Item     │ Value                                                                                                     │
├──────────┼───────────────────────────────────────────────────────────────────────────────────────────────────────────┤
│ Install  │ pnpm                                                                                                      │
│ Channel  │ stable (default)                                                                                          │
│ Update   │ available · pnpm · npm update 2026.3.28                                                                   │
└──────────┴───────────────────────────────────────────────────────────────────────────────────────────────────────────┘

Update available (npm 2026.3.28). Run: openclaw update


===== 2026-03-31T04:00:18Z =====
Summary: install=pnpm; channel=stable (default); latest=available · pnpm · npm update 2026.3.28; status=update available
OpenClaw update status

┌──────────┬───────────────────────────────────────────────────────────────────────────────────────────────────────────┐
│ Item     │ Value                                                                                                     │
├──────────┼───────────────────────────────────────────────────────────────────────────────────────────────────────────┤
│ Install  │ pnpm                                                                                                      │
│ Channel  │ stable (default)                                                                                          │
│ Update   │ available · pnpm · npm update 2026.3.28                                                                   │
└──────────┴───────────────────────────────────────────────────────────────────────────────────────────────────────────┘

Update available (npm 2026.3.28). Run: openclaw update


===== 2026-03-31T13:43:47Z =====
Summary: install=pnpm; channel=stable (default); latest=available · pnpm · npm update 2026.3.28; status=update available
OpenClaw update status

┌──────────┬───────────────────────────────────────────────────────────────────────────────────────────────────────────┐
│ Item     │ Value                                                                                                     │
├──────────┼───────────────────────────────────────────────────────────────────────────────────────────────────────────┤
│ Install  │ pnpm                                                                                                      │
│ Channel  │ stable (default)                                                                                          │
│ Update   │ pnpm · up to date · npm latest 2026.3.28                                                                  │
└──────────┴───────────────────────────────────────────────────────────────────────────────────────────────────────────┘
install=unknown; channel=unknown; latest=unknown
===== 2026-04-02T04:00:00Z =====
Summary: install=pnpm; channel=stable (default); latest=pnpm · up to date · npm latest 2026.3.28; status=up to date
OpenClaw update status

┌──────────┬───────────────────────────────────────────────────────────────────────────────────────────────────────────┐
│ Item     │ Value                                                                                                     │
├──────────┼───────────────────────────────────────────────────────────────────────────────────────────────────────────┤
│ Install  │ pnpm                                                                                                      │
│ Channel  │ stable (default)                                                                                          │
│ Update   │ available · pnpm · npm update 2026.4.1                                                                    │
└──────────┴───────────────────────────────────────────────────────────────────────────────────────────────────────────┘

Update available (npm 2026.4.1). Run: openclaw update

summary-corrected: install=pnpm; channel=stable (default); latest=2026.4.1
===== 2026-04-03T04:00:22Z =====
Summary: install=pnpm; channel=stable (default); latest=available · pnpm · npm update 2026.4.1; status=update available
OpenClaw update status

┌──────────┬───────────────────────────────────────────────────────────────────────────────────────────────────────────┐
│ Item     │ Value                                                                                                     │
├──────────┼───────────────────────────────────────────────────────────────────────────────────────────────────────────┤
│ Install  │ pnpm                                                                                                      │
│ Channel  │ stable (default)                                                                                          │
│ Update   │ available · pnpm · npm update 2026.4.2                                                                    │
└──────────┴───────────────────────────────────────────────────────────────────────────────────────────────────────────┘

Update available (npm 2026.4.2). Run: openclaw update
install=unknown; channel=unknown; latest=unknown
===== 2026-04-04T04:00:15Z =====
Summary: install=pnpm; channel=stable (default); latest=available · pnpm · npm update 2026.4.2; status=update available
OpenClaw update status

┌──────────┬───────────────────────────────────────────────────────────────────────────────────────────────────────────┐
│ Item     │ Value                                                                                                     │
├──────────┼───────────────────────────────────────────────────────────────────────────────────────────────────────────┤
│ Install  │ pnpm                                                                                                      │
│ Channel  │ stable (default)                                                                                          │
│ Update   │ available · pnpm · npm update 2026.4.2                                                                    │
└──────────┴───────────────────────────────────────────────────────────────────────────────────────────────────────────┘

Update available (npm 2026.4.2). Run: openclaw update

===== 2026-04-05T04:01:06Z =====
Summary: install=pnpm; channel=stable (default); latest=available · pnpm · npm update 2026.4.2; status=update available
OpenClaw update status

┌──────────┬───────────────────────────────────────────────────────────────────────────────────────────────────────────┐
│ Item     │ Value                                                                                                     │
├──────────┼───────────────────────────────────────────────────────────────────────────────────────────────────────────┤
│ Install  │ pnpm                                                                                                      │
│ Channel  │ stable (default)                                                                                          │
│ Update   │ available · pnpm · npm update 2026.4.2                                                                    │
└──────────┴───────────────────────────────────────────────────────────────────────────────────────────────────────────┘

Update available (npm 2026.4.2). Run: openclaw update

===== 2026-04-06T04:00:17Z =====
Summary: install=pnpm; channel=stable (default); latest=available · pnpm · npm update 2026.4.2; status=update available
OpenClaw update status

┌──────────┬───────────────────────────────────────────────────────────────────────────────────────────────────────────┐
│ Item     │ Value                                                                                                     │
├──────────┼───────────────────────────────────────────────────────────────────────────────────────────────────────────┤
│ Install  │ pnpm                                                                                                      │
│ Channel  │ stable (default)                                                                                          │
│ Update   │ available · pnpm · npm update 2026.4.5                                                                    │
└──────────┴───────────────────────────────────────────────────────────────────────────────────────────────────────────┘

Update available (npm 2026.4.5). Run: openclaw update

===== 2026-04-07T04:00:43Z =====
Summary: install=pnpm; channel=stable (default); latest=available · pnpm · npm update 2026.4.5; status=update available
OpenClaw update status

┌──────────┬───────────────────────────────────────────────────────────────────────────────────────────────────────────┐
│ Item     │ Value                                                                                                     │
├──────────┼───────────────────────────────────────────────────────────────────────────────────────────────────────────┤
│ Install  │ pnpm                                                                                                      │
│ Channel  │ stable (default)                                                                                          │
│ Update   │ available · pnpm · npm update 2026.4.5                                                                    │
└──────────┴───────────────────────────────────────────────────────────────────────────────────────────────────────────┘

Update available (npm 2026.4.5). Run: openclaw update
===== 2026-04-09T04:00:18Z =====
Summary: install=pnpm; channel=stable (default); latest=available · pnpm · npm update 2026.4.5; status=update available
OpenClaw update status

┌──────────┬───────────────────────────────────────────────────────────────────────────────────────────────────────────┐
│ Item     │ Value                                                                                                     │
├──────────┼───────────────────────────────────────────────────────────────────────────────────────────────────────────┤
│ Install  │ pnpm                                                                                                      │
│ Channel  │ stable (default)                                                                                          │
│ Update   │ available · pnpm · npm update 2026.4.9                                                                    │
└──────────┴───────────────────────────────────────────────────────────────────────────────────────────────────────────┘

Update available (npm 2026.4.9). Run: openclaw update
install=unknown; channel=unknown; latest=Update available (npm 2026.4.9). Run: openclaw update
===== 2026-04-10T04:00:16Z =====
Summary: install=pnpm; channel=stable (default); latest=available · pnpm · npm update 2026.4.9; status=update available
OpenClaw update status

┌──────────┬───────────────────────────────────────────────────────────────────────────────────────────────────────────┐
│ Item     │ Value                                                                                                     │
├──────────┼───────────────────────────────────────────────────────────────────────────────────────────────────────────┤
│ Install  │ pnpm                                                                                                      │
│ Channel  │ stable (default)                                                                                          │
│ Update   │ available · pnpm · npm update 2026.4.9                                                                    │
└──────────┴───────────────────────────────────────────────────────────────────────────────────────────────────────────┘

Update available (npm 2026.4.9). Run: openclaw update

===== 2026-04-10T04:00:49Z =====
Summary: install=pnpm; channel=stable (default); latest=available · pnpm · npm update 2026.4.9; status=update available
OpenClaw update status

┌──────────┬───────────────────────────────────────────────────────────────────────────────────────────────────────────┐
│ Item     │ Value                                                                                                     │
├──────────┼───────────────────────────────────────────────────────────────────────────────────────────────────────────┤
│ Install  │ pnpm                                                                                                      │
│ Channel  │ stable (default)                                                                                          │
│ Update   │ available · pnpm · npm update 2026.4.9                                                                    │
└──────────┴───────────────────────────────────────────────────────────────────────────────────────────────────────────┘

Update available (npm 2026.4.9). Run: openclaw update

===== 2026-04-11T04:00:16Z =====
Summary: install=pnpm; channel=stable (default); latest=available · pnpm · npm update 2026.4.9; status=update available
OpenClaw update status

┌──────────┬───────────────────────────────────────────────────────────────────────────────────────────────────────────┐
│ Item     │ Value                                                                                                     │
├──────────┼───────────────────────────────────────────────────────────────────────────────────────────────────────────┤
│ Install  │ pnpm                                                                                                      │
│ Channel  │ stable (default)                                                                                          │
│ Update   │ available · pnpm · npm update 2026.4.10                                                                   │
└──────────┴───────────────────────────────────────────────────────────────────────────────────────────────────────────┘

Update available (npm 2026.4.10). Run: openclaw update
install=unknown | channel=unknown | latest=unknown
===== 2026-04-12T04:02:02Z =====
Summary: install=pnpm; channel=stable (default); latest=available · pnpm · npm update 2026.4.10; status=update available
OpenClaw update status

┌──────────┬───────────────────────────────────────────────────────────────────────────────────────────────────────────┐
│ Item     │ Value                                                                                                     │
├──────────┼───────────────────────────────────────────────────────────────────────────────────────────────────────────┤
│ Install  │ pnpm                                                                                                      │
│ Channel  │ stable (default)                                                                                          │
│ Update   │ pnpm · up to date · npm latest 2026.4.11                                                                  │
└──────────┴───────────────────────────────────────────────────────────────────────────────────────────────────────────┘

===== 2026-04-13T04:00:22Z =====
Summary: install=pnpm; channel=stable (default); latest=pnpm · up to date · npm latest 2026.4.11; status=up to date
OpenClaw update status

┌──────────┬───────────────────────────────────────────────────────────────────────────────────────────────────────────┐
│ Item     │ Value                                                                                                     │
├──────────┼───────────────────────────────────────────────────────────────────────────────────────────────────────────┤
│ Install  │ pnpm                                                                                                      │
│ Channel  │ stable (default)                                                                                          │
│ Update   │ pnpm · up to date · npm latest 2026.4.11                                                                  │
└──────────┴───────────────────────────────────────────────────────────────────────────────────────────────────────────┘

===== 2026-04-15T05:21:53Z =====
Summary: install=pnpm; channel=stable (default); latest=pnpm · up to date · npm latest 2026.4.11; status=up to date
OpenClaw update status

┌──────────┬───────────────────────────────────────────────────────────────────────────────────────────────────────────┐
│ Item     │ Value                                                                                                     │
├──────────┼───────────────────────────────────────────────────────────────────────────────────────────────────────────┤
│ Install  │ pnpm                                                                                                      │
│ Channel  │ stable (default)                                                                                          │
│ Update   │ available · pnpm · npm update 2026.4.14                                                                   │
└──────────┴───────────────────────────────────────────────────────────────────────────────────────────────────────────┘

Update available (npm 2026.4.14). Run: openclaw update

===== 2026-04-16T04:00:00Z =====
Summary: install=pnpm; channel=stable (default); latest=available · pnpm · npm update 2026.4.14; status=update available
OpenClaw update status

┌──────────┬───────────────────────────────────────────────────────────────────────────────────────────────────────────┐
│ Item     │ Value                                                                                                     │
├──────────┼───────────────────────────────────────────────────────────────────────────────────────────────────────────┤
│ Install  │ pnpm                                                                                                      │
│ Channel  │ stable (default)                                                                                          │
│ Update   │ available · pnpm · npm update 2026.4.14                                                                   │
└──────────┴───────────────────────────────────────────────────────────────────────────────────────────────────────────┘

Update available (npm 2026.4.14). Run: openclaw update
===== 2026-04-17T04:00:00Z =====
Summary: install=pnpm; channel=stable (default); latest=available · pnpm · npm update 2026.4.14; status=update available
OpenClaw update status

┌──────────┬───────────────────────────────────────────────────────────────────────────────────────────────────────────┐
│ Item     │ Value                                                                                                     │
├──────────┼───────────────────────────────────────────────────────────────────────────────────────────────────────────┤
│ Install  │ pnpm                                                                                                      │
│ Channel  │ stable (default)                                                                                          │
│ Update   │ pnpm · up to date · npm latest 2026.4.15                                                                  │
└──────────┴───────────────────────────────────────────────────────────────────────────────────────────────────────────┘

===== 2026-04-18T04:00:00Z =====
Summary: install=pnpm; channel=stable (default); latest=pnpm · up to date · npm latest 2026.4.15; status=up to date
OpenClaw update status

┌──────────┬───────────────────────────────────────────────────────────────────────────────────────────────────────────┐
│ Item     │ Value                                                                                                     │
├──────────┼───────────────────────────────────────────────────────────────────────────────────────────────────────────┤
│ Install  │ pnpm                                                                                                      │
│ Channel  │ stable (default)                                                                                          │
│ Update   │ pnpm · up to date · npm latest 2026.4.15                                                                  │
└──────────┴───────────────────────────────────────────────────────────────────────────────────────────────────────────┘

===== 2026-04-19T04:04:00Z =====
Summary: install=pnpm; channel=stable (default); latest=pnpm · up to date · npm latest 2026.4.15; status=up to date
OpenClaw update status

┌──────────┬───────────────────────────────────────────────────────────────────────────────────────────────────────────┐
│ Item     │ Value                                                                                                     │
├──────────┼───────────────────────────────────────────────────────────────────────────────────────────────────────────┤
│ Install  │ pnpm                                                                                                      │
│ Channel  │ stable (default)                                                                                          │
│ Update   │ pnpm · up to date · npm latest 2026.4.15                                                                  │
└──────────┴───────────────────────────────────────────────────────────────────────────────────────────────────────────┘

===== 2026-04-20T04:01:08Z =====
Summary: install=pnpm; channel=stable (default); latest=pnpm · up to date · npm latest 2026.4.15; status=up to date
OpenClaw update status

┌──────────┬───────────────────────────────────────────────────────────────────────────────────────────────────────────┐
│ Item     │ Value                                                                                                     │
├──────────┼───────────────────────────────────────────────────────────────────────────────────────────────────────────┤
│ Install  │ pnpm                                                                                                      │
│ Channel  │ stable (default)                                                                                          │
│ Update   │ pnpm · up to date · npm latest 2026.4.15                                                                  │
└──────────┴───────────────────────────────────────────────────────────────────────────────────────────────────────────┘


===== 2026-04-21T04:00:25Z =====
Summary: install=pnpm; channel=stable (default); latest=pnpm · up to date · npm latest 2026.4.15; status=up to date
OpenClaw update status

┌──────────┬───────────────────────────────────────────────────────────────────────────────────────────────────────────┐
│ Item     │ Value                                                                                                     │
├──────────┼───────────────────────────────────────────────────────────────────────────────────────────────────────────┤
│ Install  │ pnpm                                                                                                      │
│ Channel  │ stable (default)                                                                                          │
│ Update   │ pnpm · up to date · npm latest 2026.4.15                                                                  │
└──────────┴───────────────────────────────────────────────────────────────────────────────────────────────────────────┘

===== 2026-04-22T04:00:00Z =====
Summary: install=pnpm; channel=stable (default); latest=pnpm · up to date · npm latest 2026.4.15; status=up to date
OpenClaw update status

┌──────────┬───────────────────────────────────────────────────────────────────────────────────────────────────────────┐
│ Item     │ Value                                                                                                     │
├──────────┼───────────────────────────────────────────────────────────────────────────────────────────────────────────┤
│ Install  │ pnpm                                                                                                      │
│ Channel  │ stable (default)                                                                                          │
│ Update   │ available · pnpm · npm update 2026.4.21                                                                   │
└──────────┴───────────────────────────────────────────────────────────────────────────────────────────────────────────┘

Update available (npm 2026.4.21). Run: openclaw update

===== 2026-04-23T04:00:23Z =====
Summary: install=pnpm; channel=stable (default); latest=available · pnpm · npm update 2026.4.21; status=update available
OpenClaw update status

┌──────────┬───────────────────────────────────────────────────────────────────────────────────────────────────────────┐
│ Item     │ Value                                                                                                     │
├──────────┼───────────────────────────────────────────────────────────────────────────────────────────────────────────┤
│ Install  │ pnpm                                                                                                      │
│ Channel  │ stable (default)                                                                                          │
│ Update   │ pnpm · up to date · npm latest 2026.4.21                                                                  │
└──────────┴───────────────────────────────────────────────────────────────────────────────────────────────────────────┘

Summary: install=pnpm; channel=stable (default); latest=pnpm · up to date · npm latest 2026.4.21; status=up to date
===== 2026-04-23T05:49:48Z =====
OpenClaw update status

timeout after 25s
Summary: status=timeout

===== 2026-04-24T04:00:22Z =====
OpenClaw update status

┌──────────┬───────────────────────────────────────────────────────────────────────────────────────────────────────────┐
│ Item     │ Value                                                                                                     │
├──────────┼───────────────────────────────────────────────────────────────────────────────────────────────────────────┤
│ Install  │ pnpm                                                                                                      │
│ Channel  │ stable (default)                                                                                          │
│ Update   │ available · pnpm · npm update 2026.4.22                                                                   │
└──────────┴───────────────────────────────────────────────────────────────────────────────────────────────────────────┘

Update available (npm 2026.4.22). Run: openclaw update
Summary: install=unknown; channel=unknown; latest=unknown

Summary: install=pnpm; channel=stable (default); latest=available · pnpm · npm update 2026.4.22
===== 2026-04-25T04:00:28Z =====
OpenClaw update status

┌──────────┬───────────────────────────────────────────────────────────────────────────────────────────────────────────┐
│ Item     │ Value                                                                                                     │
├──────────┼───────────────────────────────────────────────────────────────────────────────────────────────────────────┤
│ Install  │ pnpm                                                                                                      │
│ Channel  │ stable (default)                                                                                          │
│ Update   │ available · pnpm · npm update 2026.4.23                                                                   │
└──────────┴───────────────────────────────────────────────────────────────────────────────────────────────────────────┘

Update available (npm 2026.4.23). Run: openclaw update
Summary: install=unknown | channel=unknown | latest=unknown

Summary: install=pnpm | channel=stable (default) | latest=available · pnpm · npm update 2026.4.23

===== 2026-04-26T04:04:00Z =====
OpenClaw update status

┌──────────┬───────────────────────────────────────────────────────────────────────────────────────────────────────────┐
│ Item     │ Value                                                                                                     │
├──────────┼───────────────────────────────────────────────────────────────────────────────────────────────────────────┤
│ Install  │ pnpm                                                                                                      │
│ Channel  │ stable (default)                                                                                          │
│ Update   │ available · pnpm · npm update 2026.4.24                                                                   │
└──────────┴───────────────────────────────────────────────────────────────────────────────────────────────────────────┘

Update available (npm 2026.4.24). Run: openclaw update

summary: install: │ Install  │ pnpm                                                                                                      │ | channel: │ Channel  │ stable (default)                                                                                          │ | latest: Update available (npm 2026.4.24). Run: openclaw update

